2018-04-22 14:42:33 Warning: Warning (2): phpinfo(): It is not safe to rely on the system's timezone settings. You are *required* to use the date.timezone setting or the date_default_timezone_set() function. In case you used any of those methods and you are still getting this warning, you most likely misspelled the timezone identifier. We selected the timezone 'UTC' for now, but please set date.timezone to select your timezone. in [/home/tameasy/public_html/exam_pro/app/Controller/InstallersController.php, line 20]
Trace:
phpinfo - [internal], line ??
InstallersController::index() - APP/Controller/InstallersController.php, line 20
ReflectionMethod::invokeArgs() - [internal], line ??
Controller::invokeAction() - CORE/Cake/Controller/Controller.php, line 490
Dispatcher::_invoke() - CORE/Cake/Routing/Dispatcher.php, line 185
Dispatcher::dispatch() - CORE/Cake/Routing/Dispatcher.php, line 160
[main] - APP/webroot/index.php, line 108

2018-04-22 14:46:12 Warning: Warning (2): date(): It is not safe to rely on the system's timezone settings. You are *required* to use the date.timezone setting or the date_default_timezone_set() function. In case you used any of those methods and you are still getting this warning, you most likely misspelled the timezone identifier. We selected the timezone 'UTC' for now, but please set date.timezone to select your timezone. in [/home/tameasy/public_html/exam_pro/lib/Cake/Model/Model.php, line 1761]
Trace:
date - [internal], line ??
call_user_func - [internal], line ??
Model::save() - CORE/Cake/Model/Model.php, line 1761
InstallersController::step3() - APP/Controller/InstallersController.php, line 128
ReflectionMethod::invokeArgs() - [internal], line ??
Controller::invokeAction() - CORE/Cake/Controller/Controller.php, line 490
Dispatcher::_invoke() - CORE/Cake/Routing/Dispatcher.php, line 185
Dispatcher::dispatch() - CORE/Cake/Routing/Dispatcher.php, line 160
[main] - APP/webroot/index.php, line 108

2018-04-22 14:46:12 Warning: Warning (2): date() [<a href='http://php.net/function.date'>function.date</a>]: It is not safe to rely on the system's timezone settings. You are *required* to use the date.timezone setting or the date_default_timezone_set() function. In case you used any of those methods and you are still getting this warning, you most likely misspelled the timezone identifier. We selected the timezone 'UTC' for now, but please set date.timezone to select your timezone. in [/home/tameasy/public_html/exam_pro/app/Controller/InstallersController.php, line 164]
Trace:
date - [internal], line ??
InstallersController::thanks() - APP/Controller/InstallersController.php, line 164
InstallersController::step3() - APP/Controller/InstallersController.php, line 129
ReflectionMethod::invokeArgs() - [internal], line ??
Controller::invokeAction() - CORE/Cake/Controller/Controller.php, line 490
Dispatcher::_invoke() - CORE/Cake/Routing/Dispatcher.php, line 185
Dispatcher::dispatch() - CORE/Cake/Routing/Dispatcher.php, line 160
[main] - APP/webroot/index.php, line 108

